mode: set
ticketing/controller/BaseResponse.go:17.65,23.2 5 1
ticketing/controller/BaseResponse.go:25.68,30.2 4 0
ticketing/controller/event.go:18.66,22.2 1 1
ticketing/controller/event.go:24.56,32.16 5 1
ticketing/controller/event.go:36.2,36.63 1 1
ticketing/controller/event.go:32.16,34.3 1 0
ticketing/controller/event.go:39.56,41.16 2 1
ticketing/controller/event.go:44.2,44.68 1 1
ticketing/controller/event.go:41.16,43.3 1 0
ticketing/controller/event.go:47.53,50.16 3 1
ticketing/controller/event.go:54.2,54.63 1 1
ticketing/controller/event.go:50.16,52.3 1 0
ticketing/controller/event.go:57.56,65.16 6 1
ticketing/controller/event.go:69.2,69.63 1 1
ticketing/controller/event.go:65.16,67.3 1 0
ticketing/controller/event.go:72.56,77.16 4 1
ticketing/controller/event.go:81.2,81.63 1 1
ticketing/controller/event.go:77.16,79.3 1 0
ticketing/controller/event.go:84.69,87.16 3 1
ticketing/controller/event.go:90.2,90.68 1 1
ticketing/controller/event.go:87.16,89.3 1 0
ticketing/controller/event.go:93.78,97.2 2 0
ticketing/controller/order.go:23.120,29.2 1 0
ticketing/controller/order.go:31.56,43.43 9 0
ticketing/controller/order.go:56.2,57.16 2 0
ticketing/controller/order.go:60.2,60.63 1 0
ticketing/controller/order.go:43.43,45.17 2 0
ticketing/controller/order.go:48.3,48.21 1 0
ticketing/controller/order.go:52.3,53.111 2 0
ticketing/controller/order.go:45.17,47.4 1 0
ticketing/controller/order.go:48.21,50.4 1 0
ticketing/controller/order.go:57.16,59.3 1 0
ticketing/controller/order.go:63.56,65.16 2 0
ticketing/controller/order.go:69.2,69.36 1 0
ticketing/controller/order.go:78.2,78.68 1 0
ticketing/controller/order.go:65.16,67.3 1 0
ticketing/controller/order.go:69.36,71.44 2 0
ticketing/controller/order.go:71.44,75.4 3 0
ticketing/controller/order.go:81.53,85.16 3 0
ticketing/controller/order.go:88.2,88.19 1 0
ticketing/controller/order.go:92.2,93.43 2 0
ticketing/controller/order.go:99.2,99.63 1 0
ticketing/controller/order.go:85.16,87.3 1 0
ticketing/controller/order.go:88.19,90.3 1 0
ticketing/controller/order.go:93.43,97.3 3 0
ticketing/controller/order.go:102.56,106.16 3 0
ticketing/controller/order.go:109.2,109.19 1 0
ticketing/controller/order.go:113.2,113.30 1 0
ticketing/controller/order.go:117.2,118.16 2 0
ticketing/controller/order.go:122.2,122.63 1 0
ticketing/controller/order.go:106.16,108.3 1 0
ticketing/controller/order.go:109.19,111.3 1 0
ticketing/controller/order.go:113.30,115.3 1 0
ticketing/controller/order.go:118.16,120.3 1 0
ticketing/controller/order.go:125.62,129.34 3 0
ticketing/controller/order.go:133.2,134.16 2 0
ticketing/controller/order.go:138.2,138.68 1 0
ticketing/controller/order.go:129.34,131.3 1 0
ticketing/controller/order.go:134.16,136.3 1 0
ticketing/controller/order.go:141.56,145.16 3 0
ticketing/controller/order.go:148.2,148.19 1 0
ticketing/controller/order.go:152.2,152.30 1 0
ticketing/controller/order.go:156.2,161.16 5 0
ticketing/controller/order.go:164.2,164.63 1 0
ticketing/controller/order.go:145.16,147.3 1 0
ticketing/controller/order.go:148.19,150.3 1 0
ticketing/controller/order.go:152.30,154.3 1 0
ticketing/controller/order.go:161.16,163.3 1 0
ticketing/controller/order.go:167.79,171.2 2 0
ticketing/controller/ticket.go:19.89,24.2 1 0
ticketing/controller/ticket.go:26.57,32.16 4 0
ticketing/controller/ticket.go:35.2,35.19 1 0
ticketing/controller/ticket.go:40.2,40.32 1 0
ticketing/controller/ticket.go:44.2,48.16 4 0
ticketing/controller/ticket.go:52.2,52.65 1 0
ticketing/controller/ticket.go:32.16,34.3 1 0
ticketing/controller/ticket.go:35.19,37.3 1 0
ticketing/controller/ticket.go:40.32,42.3 1 0
ticketing/controller/ticket.go:48.16,50.3 1 0
ticketing/controller/ticket.go:55.57,57.16 2 0
ticketing/controller/ticket.go:61.2,61.70 1 0
ticketing/controller/ticket.go:57.16,59.3 1 0
ticketing/controller/ticket.go:64.54,69.16 3 0
ticketing/controller/ticket.go:72.2,72.20 1 0
ticketing/controller/ticket.go:76.2,76.65 1 0
ticketing/controller/ticket.go:69.16,71.3 1 0
ticketing/controller/ticket.go:72.20,74.3 1 0
ticketing/controller/ticket.go:79.57,85.16 4 0
ticketing/controller/ticket.go:88.2,88.19 1 0
ticketing/controller/ticket.go:93.2,94.16 2 0
ticketing/controller/ticket.go:97.2,97.20 1 0
ticketing/controller/ticket.go:102.2,102.38 1 0
ticketing/controller/ticket.go:106.2,110.16 4 0
ticketing/controller/ticket.go:113.2,113.65 1 0
ticketing/controller/ticket.go:85.16,87.3 1 0
ticketing/controller/ticket.go:88.19,90.3 1 0
ticketing/controller/ticket.go:94.16,96.3 1 0
ticketing/controller/ticket.go:97.20,99.3 1 0
ticketing/controller/ticket.go:102.38,104.3 1 0
ticketing/controller/ticket.go:110.16,112.3 1 0
ticketing/controller/ticket.go:116.57,122.16 4 0
ticketing/controller/ticket.go:125.2,125.19 1 0
ticketing/controller/ticket.go:130.2,131.16 2 0
ticketing/controller/ticket.go:134.2,134.20 1 0
ticketing/controller/ticket.go:139.2,139.38 1 0
ticketing/controller/ticket.go:143.2,144.16 2 0
ticketing/controller/ticket.go:148.2,148.65 1 0
ticketing/controller/ticket.go:122.16,124.3 1 0
ticketing/controller/ticket.go:125.19,127.3 1 0
ticketing/controller/ticket.go:131.16,133.3 1 0
ticketing/controller/ticket.go:134.20,136.3 1 0
ticketing/controller/ticket.go:139.38,141.3 1 0
ticketing/controller/ticket.go:144.16,146.3 1 0
ticketing/controller/ticket.go:151.66,156.16 3 0
ticketing/controller/ticket.go:159.2,159.19 1 0
ticketing/controller/ticket.go:163.2,164.16 2 0
ticketing/controller/ticket.go:167.2,167.70 1 0
ticketing/controller/ticket.go:156.16,158.3 1 0
ticketing/controller/ticket.go:159.19,161.3 1 0
ticketing/controller/ticket.go:164.16,166.3 1 0
ticketing/controller/ticket.go:170.102,171.61 1 0
ticketing/controller/ticket.go:175.2,175.14 1 0
ticketing/controller/ticket.go:171.61,173.3 1 0
ticketing/controller/user.go:25.63,29.2 1 1
ticketing/controller/user.go:31.55,33.16 2 1
ticketing/controller/user.go:36.2,36.66 1 1
ticketing/controller/user.go:33.16,35.3 1 0
ticketing/controller/user.go:39.52,44.16 3 1
ticketing/controller/user.go:48.2,48.61 1 1
ticketing/controller/user.go:44.16,46.3 1 0
ticketing/controller/user.go:51.55,60.16 6 1
ticketing/controller/user.go:63.2,63.61 1 1
ticketing/controller/user.go:60.16,62.3 1 0
ticketing/controller/user.go:66.55,71.16 4 1
ticketing/controller/user.go:74.2,74.61 1 1
ticketing/controller/user.go:71.16,73.3 1 0
ticketing/controller/user.go:77.54,83.16 4 1
ticketing/controller/user.go:87.2,87.59 1 1
ticketing/controller/user.go:91.2,92.16 2 1
ticketing/controller/user.go:96.2,96.75 1 1
ticketing/controller/user.go:83.16,85.3 1 0
ticketing/controller/user.go:87.59,89.3 1 0
ticketing/controller/user.go:92.16,94.3 1 0
ticketing/controller/user.go:100.57,105.16 4 1
ticketing/controller/user.go:109.2,109.61 1 1
ticketing/controller/user.go:105.16,107.3 1 0
